select * from my_table where my_regexp_column = '123';

----------------------------------------------------------------------------------------------
| Id  | Operation                   | Name           | Rows  | Bytes | Cost (%CPU)| Time     |
----------------------------------------------------------------------------------------------
|   0 | SELECT STATEMENT            |                |     1 |   204 |     2   (0)| 00:00:01 |
|   1 |  TABLE ACCESS BY INDEX ROWID| MY_TABLE       |     1 |   204 |     2   (0)| 00:00:01 |
|*  2 |   INDEX RANGE SCAN          | MY_REGEX_INDEX |     1 |       |     1   (0)| 00:00:01 |
----------------------------------------------------------------------------------------------